2026-02-10 16:03:56,508 INFO: 
                ____                _       _____  ____
               / __ ) ____ _ _____ (_)_____/ ___/ / __ \
              / __  |/ __ `// ___// // ___/\__ \ / /_/ /
             / /_/ // /_/ /(__  )/ // /__ ___/ // _, _/
            /_____/ \__,_//____//_/ \___//____//_/ |_|
     ______                   __   __                 __      __
    / ____/____   ____   ____/ /  / /   __  __ _____ / /__   / /
   / / __ / __ \ / __ \ / __  /  / /   / / / // ___// //_/  / /
  / /_/ // /_/ // /_/ // /_/ /  / /___/ /_/ // /__ / /<    /_/
  \____/ \____/ \____/ \____/  /_____/\____/ \___//_/|_|  (_)
    
Version Information: 
	BasicSR: 1.2.0+2b4af71
	PyTorch: 2.5.1+cu121
	TorchVision: 0.20.1+cu121
2026-02-10 16:03:56,509 INFO: 
  name: MixedWeather_RTX4050
  model_type: ImageRestorationModel
  scale: 1
  num_gpu: 1
  manual_seed: 10
  datasets:[
    train:[
      name: MixedTrain
      type: PairedImageDataset
      dataroot_gt: ./datasets/WeatherMix/train/target
      dataroot_lq: ./datasets/WeatherMix/train/input
      filename_tmpl: {}
      io_backend:[
        type: disk
      ]
      gt_size: 256
      use_flip: True
      use_rot: True
      batch_size_per_gpu: 8
      num_worker_per_gpu: 4
      phase: train
      scale: 1
    ]
    val:[
      name: MixedVal
      type: PairedImageDataset
      dataroot_gt: ./datasets/WeatherMix/val/target
      dataroot_lq: ./datasets/WeatherMix/val/input
      io_backend:[
        type: disk
      ]
      phase: val
      scale: 1
    ]
  ]
  network_g:[
    type: NAFNetLocal
    width: 32
    enc_blk_nums: [1, 1, 1, 8]
    middle_blk_num: 1
    dec_blk_nums: [1, 1, 1, 1]
  ]
  path:[
    pretrain_network_g: None
    strict_load_g: True
    resume_state: None
    root: c:\users\amala\project-main\nafnet
    experiments_root: c:\users\amala\project-main\nafnet\experiments\MixedWeather_RTX4050
    models: c:\users\amala\project-main\nafnet\experiments\MixedWeather_RTX4050\models
    training_states: c:\users\amala\project-main\nafnet\experiments\MixedWeather_RTX4050\training_states
    log: c:\users\amala\project-main\nafnet\experiments\MixedWeather_RTX4050
    visualization: c:\users\amala\project-main\nafnet\experiments\MixedWeather_RTX4050\visualization
  ]
  train:[
    optim_g:[
      type: AdamW
      lr: 0.001
      weight_decay: 0.001
      betas: [0.9, 0.9]
    ]
    scheduler:[
      type: TrueCosineAnnealingLR
      T_max: 50000
      eta_min: 1e-07
    ]
    total_iter: 60000
    warmup_iter: -1
    pixel_opt:[
      type: PSNRLoss
      loss_weight: 1.0
      reduction: mean
    ]
  ]
  val:[
    val_freq: 2000.0
    save_img: False
    metrics:[
      psnr:[
        type: calculate_psnr
        crop_border: 0
        test_y_channel: False
      ]
      ssim:[
        type: calculate_ssim
        crop_border: 0
        test_y_channel: False
      ]
    ]
  ]
  logger:[
    print_freq: 100
    save_checkpoint_freq: 2000.0
    use_tb_logger: True
  ]
  is_train: True
  dist: False
  rank: 0
  world_size: 1

2026-02-10 16:03:56,876 INFO: Dataset PairedImageDataset - MixedTrain is created.
2026-02-10 16:03:56,876 INFO: Training statistics:
	Number of train images: 2597
	Dataset enlarge ratio: 1
	Batch size per gpu: 8
	World size (gpu number): 1
	Require iter number per epoch: 325
	Total epochs: 185; iters: 60000.
2026-02-10 16:03:56,880 INFO: Dataset PairedImageDataset - MixedVal is created.
2026-02-10 16:03:56,882 INFO: Number of val images/folders in MixedVal: 50
2026-02-10 16:03:57,580 INFO: Model [ImageRestorationModel] is created.
2026-02-10 16:04:14,872 INFO: Start training from epoch: 0, iter: 0
2026-02-10 16:05:26,781 INFO: [Mixed..][epoch:  0, iter:     100, lr:(1.000e-03,)] [eta: 14:41:41, time (data): 0.613 (0.009)] l_pix: -2.6312e+01 
2026-02-10 16:06:25,712 INFO: [Mixed..][epoch:  0, iter:     200, lr:(1.000e-03,)] [eta: 12:14:30, time (data): 0.572 (0.012)] l_pix: -2.7075e+01 
2026-02-10 16:07:22,079 INFO: [Mixed..][epoch:  0, iter:     300, lr:(9.999e-04,)] [eta: 11:15:59, time (data): 0.559 (0.000)] l_pix: -2.7514e+01 
2026-02-10 16:08:46,650 INFO: [Mixed..][epoch:  1, iter:     400, lr:(9.998e-04,)] [eta: 11:56:03, time (data): 0.559 (0.005)] l_pix: -2.3859e+01 
2026-02-10 16:09:43,833 INFO: [Mixed..][epoch:  1, iter:     500, lr:(9.998e-04,)] [eta: 11:25:21, time (data): 0.595 (0.009)] l_pix: -2.9215e+01 
2026-02-10 16:10:41,115 INFO: [Mixed..][epoch:  1, iter:     600, lr:(9.996e-04,)] [eta: 11:04:42, time (data): 0.562 (0.005)] l_pix: -2.7384e+01 
2026-02-10 16:12:03,695 INFO: [Mixed..][epoch:  2, iter:     700, lr:(9.995e-04,)] [eta: 11:25:21, time (data): 0.564 (0.005)] l_pix: -2.6671e+01 
2026-02-10 16:13:00,710 INFO: [Mixed..][epoch:  2, iter:     800, lr:(9.994e-04,)] [eta: 11:09:00, time (data): 0.580 (0.008)] l_pix: -2.3414e+01 
2026-02-10 16:13:58,328 INFO: [Mixed..][epoch:  2, iter:     900, lr:(9.992e-04,)] [eta: 10:56:44, time (data): 0.564 (0.006)] l_pix: -2.0523e+01 
2026-02-10 16:15:23,600 INFO: [Mixed..][epoch:  3, iter:   1,000, lr:(9.990e-04,)] [eta: 11:13:53, time (data): 0.557 (0.002)] l_pix: -2.9029e+01 
2026-02-10 16:15:23,600 WARNING: nondist_validation is not implemented. Run dist_validation.
2026-02-10 16:15:33,920 INFO: Validation MixedVal, 		 # psnr: 26.5356	 # ssim: 0.8538
2026-02-10 16:15:33,928 INFO: [Mixed..][epoch:  3, iter:   1,000, lr:(9.990e-04,)] m_psnr: 2.6536e+01 m_ssim: 8.5381e-01 
2026-02-10 16:16:15,859 INFO: [Mixed..][epoch:  3, iter:   1,100, lr:(9.988e-04,)] [eta: 10:58:14, time (data): 0.399 (0.004)] l_pix: -2.4012e+01 
2026-02-10 16:17:04,393 INFO: [Mixed..][epoch:  3, iter:   1,200, lr:(9.986e-04,)] [eta: 10:42:01, time (data): 0.498 (0.008)] l_pix: -2.9047e+01 
2026-02-10 16:18:19,685 INFO: [Mixed..][epoch:  4, iter:   1,300, lr:(9.983e-04,)] [eta: 10:48:16, time (data): 0.510 (0.004)] l_pix: -2.7787e+01 
2026-02-10 16:19:10,755 INFO: [Mixed..][epoch:  4, iter:   1,400, lr:(9.981e-04,)] [eta: 10:36:34, time (data): 0.520 (0.000)] l_pix: -1.9279e+01 
2026-02-10 16:20:01,855 INFO: [Mixed..][epoch:  4, iter:   1,500, lr:(9.978e-04,)] [eta: 10:26:21, time (data): 0.505 (0.003)] l_pix: -2.3858e+01 
2026-02-10 16:20:52,865 INFO: [Mixed..][epoch:  4, iter:   1,600, lr:(9.975e-04,)] [eta: 10:17:14, time (data): 0.500 (0.007)] l_pix: -2.9020e+01 
2026-02-10 16:22:01,951 INFO: [Mixed..][epoch:  5, iter:   1,700, lr:(9.972e-04,)] [eta: 10:19:25, time (data): 0.516 (0.000)] l_pix: -2.9579e+01 
2026-02-10 16:22:53,561 INFO: [Mixed..][epoch:  5, iter:   1,800, lr:(9.968e-04,)] [eta: 10:11:49, time (data): 0.506 (0.003)] l_pix: -2.5918e+01 
2026-02-10 16:23:44,795 INFO: [Mixed..][epoch:  5, iter:   1,900, lr:(9.964e-04,)] [eta: 10:04:44, time (data): 0.500 (0.000)] l_pix: -3.0184e+01 
2026-02-10 16:24:59,016 INFO: [Mixed..][epoch:  6, iter:   2,000, lr:(9.961e-04,)] [eta: 10:09:22, time (data): 0.521 (0.000)] l_pix: -3.0403e+01 
2026-02-10 16:24:59,016 INFO: Saving models and training states.
2026-02-10 16:24:59,268 WARNING: nondist_validation is not implemented. Run dist_validation.
2026-02-10 16:25:03,965 INFO: Validation MixedVal, 		 # psnr: 28.5548	 # ssim: 0.8800
2026-02-10 16:25:03,965 INFO: [Mixed..][epoch:  6, iter:   2,000, lr:(9.961e-04,)] m_psnr: 2.8555e+01 m_ssim: 8.8002e-01 
2026-02-10 16:26:17,037 INFO: [Mixed..][epoch:  6, iter:   2,100, lr:(9.957e-04,)] [eta: 10:15:12, time (data): 0.742 (0.009)] l_pix: -3.2244e+01 
2026-02-10 16:27:29,388 INFO: [Mixed..][epoch:  6, iter:   2,200, lr:(9.952e-04,)] [eta: 10:17:54, time (data): 0.713 (0.000)] l_pix: -3.0143e+01 
2026-02-10 16:29:16,494 INFO: [Mixed..][epoch:  7, iter:   2,300, lr:(9.948e-04,)] [eta: 10:34:47, time (data): 0.741 (0.009)] l_pix: -2.8605e+01 
2026-02-10 16:30:29,665 INFO: [Mixed..][epoch:  7, iter:   2,400, lr:(9.943e-04,)] [eta: 10:36:33, time (data): 0.740 (0.014)] l_pix: -2.6251e+01 
2026-02-10 16:31:43,336 INFO: [Mixed..][epoch:  7, iter:   2,500, lr:(9.938e-04,)] [eta: 10:38:16, time (data): 0.721 (0.000)] l_pix: -2.9153e+01 
2026-02-10 16:33:17,956 INFO: [Mixed..][epoch:  8, iter:   2,600, lr:(9.933e-04,)] [eta: 10:47:28, time (data): 0.723 (0.002)] l_pix: -2.5163e+01 
2026-02-10 16:34:30,955 INFO: [Mixed..][epoch:  8, iter:   2,700, lr:(9.928e-04,)] [eta: 10:48:13, time (data): 0.720 (0.010)] l_pix: -2.5485e+01 
2026-02-10 16:35:43,725 INFO: [Mixed..][epoch:  8, iter:   2,800, lr:(9.923e-04,)] [eta: 10:48:45, time (data): 0.714 (0.006)] l_pix: -2.8552e+01 
2026-02-10 16:36:55,655 INFO: [Mixed..][epoch:  8, iter:   2,900, lr:(9.917e-04,)] [eta: 10:48:53, time (data): 0.714 (0.005)] l_pix: -2.7091e+01 
2026-02-10 16:38:26,406 INFO: [Mixed..][epoch:  9, iter:   3,000, lr:(9.912e-04,)] [eta: 10:54:53, time (data): 0.714 (0.004)] l_pix: -2.7506e+01 
2026-02-10 16:39:39,685 INFO: [Mixed..][epoch:  9, iter:   3,100, lr:(9.906e-04,)] [eta: 10:55:04, time (data): 0.725 (0.000)] l_pix: -3.0741e+01 
2026-02-10 16:40:52,607 INFO: [Mixed..][epoch:  9, iter:   3,200, lr:(9.899e-04,)] [eta: 10:55:03, time (data): 0.736 (0.007)] l_pix: -3.1493e+01 
2026-02-10 16:42:38,695 INFO: [Mixed..][epoch: 10, iter:   3,300, lr:(9.893e-04,)] [eta: 11:04:28, time (data): 0.717 (0.007)] l_pix: -3.0484e+01 
2026-02-10 16:43:52,806 INFO: [Mixed..][epoch: 10, iter:   3,400, lr:(9.886e-04,)] [eta: 11:04:21, time (data): 0.721 (0.006)] l_pix: -3.4193e+01 
2026-02-10 16:45:06,139 INFO: [Mixed..][epoch: 10, iter:   3,500, lr:(9.880e-04,)] [eta: 11:03:57, time (data): 0.773 (0.009)] l_pix: -3.2033e+01 
2026-02-10 16:46:40,381 INFO: [Mixed..][epoch: 11, iter:   3,600, lr:(9.873e-04,)] [eta: 11:08:58, time (data): 0.725 (0.004)] l_pix: -2.8813e+01 
2026-02-10 16:47:54,660 INFO: [Mixed..][epoch: 11, iter:   3,700, lr:(9.866e-04,)] [eta: 11:08:34, time (data): 0.745 (0.008)] l_pix: -3.3763e+01 
2026-02-10 16:49:08,342 INFO: [Mixed..][epoch: 11, iter:   3,800, lr:(9.858e-04,)] [eta: 11:07:59, time (data): 0.725 (0.007)] l_pix: -2.9615e+01 
2026-02-10 16:50:39,276 INFO: [Mixed..][epoch: 12, iter:   3,900, lr:(9.851e-04,)] [eta: 11:11:30, time (data): 0.716 (0.004)] l_pix: -2.7679e+01 
2026-02-10 16:51:51,206 INFO: [Mixed..][epoch: 12, iter:   4,000, lr:(9.843e-04,)] [eta: 11:10:19, time (data): 0.714 (0.000)] l_pix: -2.8685e+01 
2026-02-10 16:51:51,206 INFO: Saving models and training states.
2026-02-10 16:51:51,406 WARNING: nondist_validation is not implemented. Run dist_validation.
2026-02-10 16:51:56,088 INFO: Validation MixedVal, 		 # psnr: 29.9872	 # ssim: 0.9129
2026-02-10 16:51:56,088 INFO: [Mixed..][epoch: 12, iter:   4,000, lr:(9.843e-04,)] m_psnr: 2.9987e+01 m_ssim: 9.1289e-01 
2026-02-10 16:52:35,885 INFO: [Mixed..][epoch: 12, iter:   4,100, lr:(9.835e-04,)] [eta: 11:02:58, time (data): 0.417 (0.007)] l_pix: -3.2302e+01 
2026-02-10 16:53:19,261 INFO: [Mixed..][epoch: 12, iter:   4,200, lr:(9.827e-04,)] [eta: 10:55:37, time (data): 0.464 (0.003)] l_pix: -3.1731e+01 
2026-02-10 16:54:22,446 INFO: [Mixed..][epoch: 13, iter:   4,300, lr:(9.819e-04,)] [eta: 10:52:52, time (data): 0.420 (0.003)] l_pix: -2.9521e+01 
2026-02-10 16:55:04,280 INFO: [Mixed..][epoch: 13, iter:   4,400, lr:(9.810e-04,)] [eta: 10:45:42, time (data): 0.508 (0.008)] l_pix: -3.3105e+01 
2026-02-10 16:55:47,216 INFO: [Mixed..][epoch: 13, iter:   4,500, lr:(9.802e-04,)] [eta: 10:39:02, time (data): 0.377 (0.002)] l_pix: -2.5778e+01 
2026-02-10 16:56:46,200 INFO: [Mixed..][epoch: 14, iter:   4,600, lr:(9.793e-04,)] [eta: 10:35:52, time (data): 0.432 (0.005)] l_pix: -3.0630e+01 
2026-02-10 16:57:29,046 INFO: [Mixed..][epoch: 14, iter:   4,700, lr:(9.784e-04,)] [eta: 10:29:37, time (data): 0.390 (0.012)] l_pix: -3.0071e+01 
2026-02-10 16:58:07,426 INFO: [Mixed..][epoch: 14, iter:   4,800, lr:(9.774e-04,)] [eta: 10:22:44, time (data): 0.378 (0.003)] l_pix: -2.5459e+01 
2026-02-10 16:59:03,328 INFO: [Mixed..][epoch: 15, iter:   4,900, lr:(9.765e-04,)] [eta: 10:19:24, time (data): 0.392 (0.010)] l_pix: -3.1159e+01 
2026-02-10 16:59:41,600 INFO: [Mixed..][epoch: 15, iter:   5,000, lr:(9.755e-04,)] [eta: 10:12:56, time (data): 0.382 (0.000)] l_pix: -2.7879e+01 
2026-02-10 17:00:19,950 INFO: [Mixed..][epoch: 15, iter:   5,100, lr:(9.746e-04,)] [eta: 10:06:42, time (data): 0.380 (0.006)] l_pix: -3.3798e+01 
2026-02-10 17:01:17,116 INFO: [Mixed..][epoch: 16, iter:   5,200, lr:(9.736e-04,)] [eta: 10:03:59, time (data): 0.373 (0.003)] l_pix: -2.8684e+01 
2026-02-10 17:01:55,436 INFO: [Mixed..][epoch: 16, iter:   5,300, lr:(9.725e-04,)] [eta: 9:58:06, time (data): 0.377 (0.004)] l_pix: -3.0433e+01 
2026-02-10 17:02:33,686 INFO: [Mixed..][epoch: 16, iter:   5,400, lr:(9.715e-04,)] [eta: 9:52:24, time (data): 0.380 (0.006)] l_pix: -2.4411e+01 
2026-02-10 17:03:11,965 INFO: [Mixed..][epoch: 16, iter:   5,500, lr:(9.705e-04,)] [eta: 9:46:53, time (data): 0.384 (0.005)] l_pix: -3.3253e+01 
2026-02-10 17:04:08,246 INFO: [Mixed..][epoch: 17, iter:   5,600, lr:(9.694e-04,)] [eta: 9:44:28, time (data): 0.382 (0.002)] l_pix: -2.5575e+01 
2026-02-10 17:04:46,526 INFO: [Mixed..][epoch: 17, iter:   5,700, lr:(9.683e-04,)] [eta: 9:39:14, time (data): 0.380 (0.000)] l_pix: -3.2000e+01 
2026-02-10 17:05:24,806 INFO: [Mixed..][epoch: 17, iter:   5,800, lr:(9.672e-04,)] [eta: 9:34:09, time (data): 0.375 (0.005)] l_pix: -2.8283e+01 
2026-02-10 17:06:21,596 INFO: [Mixed..][epoch: 18, iter:   5,900, lr:(9.661e-04,)] [eta: 9:32:04, time (data): 0.377 (0.007)] l_pix: -3.4203e+01 
2026-02-10 17:07:00,065 INFO: [Mixed..][epoch: 18, iter:   6,000, lr:(9.649e-04,)] [eta: 9:27:16, time (data): 0.388 (0.005)] l_pix: -2.5221e+01 
2026-02-10 17:07:00,065 INFO: Saving models and training states.
2026-02-10 17:07:00,255 WARNING: nondist_validation is not implemented. Run dist_validation.
2026-02-10 17:07:04,948 INFO: Validation MixedVal, 		 # psnr: 30.0602	 # ssim: 0.9132
2026-02-10 17:07:04,948 INFO: [Mixed..][epoch: 18, iter:   6,000, lr:(9.649e-04,)] m_psnr: 3.0060e+01 m_ssim: 9.1316e-01 
2026-02-10 17:07:53,860 INFO: [Mixed..][epoch: 18, iter:   6,100, lr:(9.637e-04,)] [eta: 9:24:51, time (data): 0.494 (0.000)] l_pix: -3.3311e+01 
2026-02-10 17:08:59,762 INFO: [Mixed..][epoch: 19, iter:   6,200, lr:(9.626e-04,)] [eta: 9:24:14, time (data): 0.486 (0.000)] l_pix: -2.8027e+01 
2026-02-10 17:09:48,470 INFO: [Mixed..][epoch: 19, iter:   6,300, lr:(9.614e-04,)] [eta: 9:21:10, time (data): 0.494 (0.000)] l_pix: -2.9095e+01 
2026-02-10 17:10:37,196 INFO: [Mixed..][epoch: 19, iter:   6,400, lr:(9.601e-04,)] [eta: 9:18:10, time (data): 0.490 (0.010)] l_pix: -3.1705e+01 
2026-02-10 17:11:44,156 INFO: [Mixed..][epoch: 20, iter:   6,500, lr:(9.589e-04,)] [eta: 9:17:45, time (data): 0.490 (0.005)] l_pix: -2.9554e+01 
2026-02-10 17:12:32,876 INFO: [Mixed..][epoch: 20, iter:   6,600, lr:(9.576e-04,)] [eta: 9:14:50, time (data): 0.490 (0.012)] l_pix: -2.8681e+01 
2026-02-10 17:13:21,650 INFO: [Mixed..][epoch: 20, iter:   6,700, lr:(9.564e-04,)] [eta: 9:12:00, time (data): 0.491 (0.007)] l_pix: -2.9028e+01 
2026-02-10 17:14:10,349 INFO: [Mixed..][epoch: 20, iter:   6,800, lr:(9.551e-04,)] [eta: 9:09:13, time (data): 0.492 (0.007)] l_pix: -3.3367e+01 
2026-02-10 17:15:16,576 INFO: [Mixed..][epoch: 21, iter:   6,900, lr:(9.538e-04,)] [eta: 9:08:44, time (data): 0.494 (0.006)] l_pix: -2.7989e+01 
2026-02-10 17:16:05,333 INFO: [Mixed..][epoch: 21, iter:   7,000, lr:(9.524e-04,)] [eta: 9:06:01, time (data): 0.497 (0.007)] l_pix: -2.8484e+01 
2026-02-10 17:16:54,203 INFO: [Mixed..][epoch: 21, iter:   7,100, lr:(9.511e-04,)] [eta: 9:03:23, time (data): 0.484 (0.006)] l_pix: -2.9907e+01 
2026-02-10 17:18:01,131 INFO: [Mixed..][epoch: 22, iter:   7,200, lr:(9.497e-04,)] [eta: 9:03:00, time (data): 0.485 (0.000)] l_pix: -2.9879e+01 
2026-02-10 17:18:49,926 INFO: [Mixed..][epoch: 22, iter:   7,300, lr:(9.483e-04,)] [eta: 9:00:25, time (data): 0.492 (0.003)] l_pix: -3.0760e+01 
2026-02-10 17:19:38,702 INFO: [Mixed..][epoch: 22, iter:   7,400, lr:(9.469e-04,)] [eta: 8:57:53, time (data): 0.485 (0.000)] l_pix: -3.1178e+01 
2026-02-10 17:20:45,495 INFO: [Mixed..][epoch: 23, iter:   7,500, lr:(9.455e-04,)] [eta: 8:57:30, time (data): 0.489 (0.000)] l_pix: -2.7416e+01 
2026-02-10 17:21:34,162 INFO: [Mixed..][epoch: 23, iter:   7,600, lr:(9.441e-04,)] [eta: 8:55:01, time (data): 0.492 (0.009)] l_pix: -3.5439e+01 
2026-02-10 17:22:22,926 INFO: [Mixed..][epoch: 23, iter:   7,700, lr:(9.426e-04,)] [eta: 8:52:34, time (data): 0.483 (0.004)] l_pix: -2.9287e+01 
2026-02-10 17:23:28,936 INFO: [Mixed..][epoch: 24, iter:   7,800, lr:(9.412e-04,)] [eta: 8:52:06, time (data): 0.490 (0.005)] l_pix: -3.1697e+01 
2026-02-10 17:24:17,717 INFO: [Mixed..][epoch: 24, iter:   7,900, lr:(9.397e-04,)] [eta: 8:49:43, time (data): 0.489 (0.000)] l_pix: -3.1624e+01 
2026-02-10 17:25:06,596 INFO: [Mixed..][epoch: 24, iter:   8,000, lr:(9.382e-04,)] [eta: 8:47:24, time (data): 0.487 (0.004)] l_pix: -2.9487e+01 
2026-02-10 17:25:06,596 INFO: Saving models and training states.
2026-02-10 17:25:06,837 WARNING: nondist_validation is not implemented. Run dist_validation.
2026-02-10 17:25:11,536 INFO: Validation MixedVal, 		 # psnr: 30.8356	 # ssim: 0.9189
2026-02-10 17:25:11,536 INFO: [Mixed..][epoch: 24, iter:   8,000, lr:(9.382e-04,)] m_psnr: 3.0836e+01 m_ssim: 9.1892e-01 
2026-02-10 17:25:50,079 INFO: [Mixed..][epoch: 24, iter:   8,100, lr:(9.367e-04,)] [eta: 8:44:31, time (data): 0.381 (0.000)] l_pix: -3.0115e+01 
2026-02-10 17:26:46,027 INFO: [Mixed..][epoch: 25, iter:   8,200, lr:(9.351e-04,)] [eta: 8:43:01, time (data): 0.380 (0.000)] l_pix: -3.0595e+01 
2026-02-10 17:27:24,312 INFO: [Mixed..][epoch: 25, iter:   8,300, lr:(9.336e-04,)] [eta: 8:39:42, time (data): 0.386 (0.004)] l_pix: -3.1597e+01 
2026-02-10 17:28:02,794 INFO: [Mixed..][epoch: 25, iter:   8,400, lr:(9.320e-04,)] [eta: 8:36:27, time (data): 0.377 (0.000)] l_pix: -3.0473e+01 
2026-02-10 17:28:58,106 INFO: [Mixed..][epoch: 26, iter:   8,500, lr:(9.304e-04,)] [eta: 8:34:58, time (data): 0.380 (0.004)] l_pix: -3.2087e+01 
2026-02-10 17:29:36,450 INFO: [Mixed..][epoch: 26, iter:   8,600, lr:(9.288e-04,)] [eta: 8:31:49, time (data): 0.384 (0.000)] l_pix: -2.6589e+01 
2026-02-10 17:30:14,747 INFO: [Mixed..][epoch: 26, iter:   8,700, lr:(9.272e-04,)] [eta: 8:28:43, time (data): 0.376 (0.002)] l_pix: -2.7729e+01 
2026-02-10 17:31:11,615 INFO: [Mixed..][epoch: 27, iter:   8,800, lr:(9.255e-04,)] [eta: 8:27:28, time (data): 0.383 (0.004)] l_pix: -2.8526e+01 
2026-02-10 17:31:49,857 INFO: [Mixed..][epoch: 27, iter:   8,900, lr:(9.239e-04,)] [eta: 8:24:27, time (data): 0.378 (0.002)] l_pix: -3.1137e+01 
2026-02-10 17:32:28,357 INFO: [Mixed..][epoch: 27, iter:   9,000, lr:(9.222e-04,)] [eta: 8:21:30, time (data): 0.390 (0.000)] l_pix: -3.4643e+01 
2026-02-10 17:33:24,337 INFO: [Mixed..][epoch: 28, iter:   9,100, lr:(9.205e-04,)] [eta: 8:20:14, time (data): 0.384 (0.002)] l_pix: -2.8183e+01 
2026-02-10 17:34:02,737 INFO: [Mixed..][epoch: 28, iter:   9,200, lr:(9.188e-04,)] [eta: 8:17:22, time (data): 0.380 (0.004)] l_pix: -3.2772e+01 
2026-02-10 17:34:41,247 INFO: [Mixed..][epoch: 28, iter:   9,300, lr:(9.171e-04,)] [eta: 8:14:32, time (data): 0.390 (0.007)] l_pix: -3.3145e+01 
2026-02-10 17:35:37,987 INFO: [Mixed..][epoch: 29, iter:   9,400, lr:(9.153e-04,)] [eta: 8:13:24, time (data): 0.425 (0.002)] l_pix: -3.2245e+01 
2026-02-10 17:36:19,687 INFO: [Mixed..][epoch: 29, iter:   9,500, lr:(9.136e-04,)] [eta: 8:10:56, time (data): 0.407 (0.000)] l_pix: -3.5112e+01 
2026-02-10 17:37:02,697 INFO: [Mixed..][epoch: 29, iter:   9,600, lr:(9.118e-04,)] [eta: 8:08:38, time (data): 0.470 (0.010)] l_pix: -3.2215e+01 
2026-02-10 17:37:49,722 INFO: [Mixed..][epoch: 29, iter:   9,700, lr:(9.100e-04,)] [eta: 8:06:42, time (data): 0.484 (0.007)] l_pix: -3.2797e+01 
2026-02-10 17:39:07,247 INFO: [Mixed..][epoch: 30, iter:   9,800, lr:(9.082e-04,)] [eta: 8:07:23, time (data): 0.441 (0.001)] l_pix: -3.2239e+01 
2026-02-10 17:39:54,157 INFO: [Mixed..][epoch: 30, iter:   9,900, lr:(9.064e-04,)] [eta: 8:05:28, time (data): 0.450 (0.008)] l_pix: -2.9039e+01 
2026-02-10 17:40:38,529 INFO: [Mixed..][epoch: 30, iter:  10,000, lr:(9.045e-04,)] [eta: 8:03:21, time (data): 0.430 (0.000)] l_pix: -2.9626e+01 
2026-02-10 17:40:38,529 INFO: Saving models and training states.
2026-02-10 17:40:38,987 WARNING: nondist_validation is not implemented. Run dist_validation.
2026-02-10 17:40:45,971 INFO: Validation MixedVal, 		 # psnr: 30.6697	 # ssim: 0.9239
2026-02-10 17:40:45,971 INFO: [Mixed..][epoch: 30, iter:  10,000, lr:(9.045e-04,)] m_psnr: 3.0670e+01 m_ssim: 9.2392e-01 
2026-02-10 17:42:28,078 INFO: [Mixed..][epoch: 31, iter:  10,100, lr:(9.027e-04,)] [eta: 8:06:37, time (data): 0.755 (0.006)] l_pix: -2.8770e+01 
2026-02-10 17:43:45,633 INFO: [Mixed..][epoch: 31, iter:  10,200, lr:(9.008e-04,)] [eta: 8:07:12, time (data): 0.779 (0.008)] l_pix: -3.0096e+01 
2026-02-10 17:45:01,247 INFO: [Mixed..][epoch: 31, iter:  10,300, lr:(8.989e-04,)] [eta: 8:07:35, time (data): 0.750 (0.005)] l_pix: -3.0252e+01 
2026-02-10 17:46:32,621 INFO: [Mixed..][epoch: 32, iter:  10,400, lr:(8.970e-04,)] [eta: 8:09:11, time (data): 0.744 (0.007)] l_pix: -2.6918e+01 
2026-02-10 17:47:48,748 INFO: [Mixed..][epoch: 32, iter:  10,500, lr:(8.951e-04,)] [eta: 8:09:32, time (data): 0.771 (0.004)] l_pix: -3.3813e+01 
2026-02-10 17:49:05,187 INFO: [Mixed..][epoch: 32, iter:  10,600, lr:(8.932e-04,)] [eta: 8:09:52, time (data): 0.760 (0.007)] l_pix: -3.0320e+01 
2026-02-10 17:50:42,457 INFO: [Mixed..][epoch: 33, iter:  10,700, lr:(8.912e-04,)] [eta: 8:11:46, time (data): 0.770 (0.015)] l_pix: -2.7797e+01 
2026-02-10 17:51:58,678 INFO: [Mixed..][epoch: 33, iter:  10,800, lr:(8.893e-04,)] [eta: 8:12:01, time (data): 0.768 (0.008)] l_pix: -2.8868e+01 
2026-02-10 17:53:14,398 INFO: [Mixed..][epoch: 33, iter:  10,900, lr:(8.873e-04,)] [eta: 8:12:12, time (data): 0.751 (0.007)] l_pix: -2.7673e+01 
2026-02-10 17:54:29,278 INFO: [Mixed..][epoch: 33, iter:  11,000, lr:(8.853e-04,)] [eta: 8:12:17, time (data): 0.760 (0.012)] l_pix: -3.1545e+01 
2026-02-10 17:56:03,694 INFO: [Mixed..][epoch: 34, iter:  11,100, lr:(8.833e-04,)] [eta: 8:13:47, time (data): 0.767 (0.003)] l_pix: -2.9601e+01 
2026-02-10 17:57:18,938 INFO: [Mixed..][epoch: 34, iter:  11,200, lr:(8.813e-04,)] [eta: 8:13:51, time (data): 0.750 (0.000)] l_pix: -3.3156e+01 
2026-02-10 17:58:33,749 INFO: [Mixed..][epoch: 34, iter:  11,300, lr:(8.792e-04,)] [eta: 8:13:51, time (data): 0.755 (0.010)] l_pix: -2.8869e+01 
2026-02-10 18:00:06,397 INFO: [Mixed..][epoch: 35, iter:  11,400, lr:(8.772e-04,)] [eta: 8:15:05, time (data): 0.760 (0.012)] l_pix: -2.9848e+01 
2026-02-10 18:01:21,258 INFO: [Mixed..][epoch: 35, iter:  11,500, lr:(8.751e-04,)] [eta: 8:15:02, time (data): 0.750 (0.000)] l_pix: -3.2412e+01 
2026-02-10 18:02:36,248 INFO: [Mixed..][epoch: 35, iter:  11,600, lr:(8.730e-04,)] [eta: 8:14:58, time (data): 0.750 (0.005)] l_pix: -3.3795e+01 
2026-02-10 18:04:12,387 INFO: [Mixed..][epoch: 36, iter:  11,700, lr:(8.709e-04,)] [eta: 8:16:21, time (data): 0.735 (0.000)] l_pix: -2.7466e+01 
2026-02-10 18:05:27,348 INFO: [Mixed..][epoch: 36, iter:  11,800, lr:(8.688e-04,)] [eta: 8:16:13, time (data): 0.760 (0.000)] l_pix: -2.5580e+01 
2026-02-10 18:06:42,317 INFO: [Mixed..][epoch: 36, iter:  11,900, lr:(8.667e-04,)] [eta: 8:16:05, time (data): 0.757 (0.010)] l_pix: -3.1127e+01 
2026-02-10 18:08:16,497 INFO: [Mixed..][epoch: 37, iter:  12,000, lr:(8.645e-04,)] [eta: 8:17:12, time (data): 0.750 (0.000)] l_pix: -3.2967e+01 
2026-02-10 18:08:16,497 INFO: Saving models and training states.
2026-02-10 18:08:16,768 WARNING: nondist_validation is not implemented. Run dist_validation.
2026-02-10 18:08:21,657 INFO: Validation MixedVal, 		 # psnr: 30.9666	 # ssim: 0.9299
2026-02-10 18:08:21,657 INFO: [Mixed..][epoch: 37, iter:  12,000, lr:(8.645e-04,)] m_psnr: 3.0967e+01 m_ssim: 9.2991e-01 
2026-02-10 18:09:01,847 INFO: [Mixed..][epoch: 37, iter:  12,100, lr:(8.624e-04,)] [eta: 8:15:03, time (data): 0.390 (0.000)] l_pix: -3.4710e+01 
2026-02-10 18:09:41,723 INFO: [Mixed..][epoch: 37, iter:  12,200, lr:(8.602e-04,)] [eta: 8:12:35, time (data): 0.391 (0.000)] l_pix: -2.9918e+01 
2026-02-10 18:10:21,367 INFO: [Mixed..][epoch: 37, iter:  12,300, lr:(8.580e-04,)] [eta: 8:10:07, time (data): 0.400 (0.000)] l_pix: -2.8112e+01 
2026-02-10 18:11:33,248 INFO: [Mixed..][epoch: 38, iter:  12,400, lr:(8.558e-04,)] [eta: 8:09:44, time (data): 0.549 (0.000)] l_pix: -3.1081e+01 
2026-02-10 18:12:13,089 INFO: [Mixed..][epoch: 38, iter:  12,500, lr:(8.536e-04,)] [eta: 8:07:19, time (data): 0.412 (0.008)] l_pix: -3.3854e+01 
2026-02-10 18:12:52,637 INFO: [Mixed..][epoch: 38, iter:  12,600, lr:(8.514e-04,)] [eta: 8:04:55, time (data): 0.399 (0.003)] l_pix: -2.9599e+01 
2026-02-10 18:13:51,652 INFO: [Mixed..][epoch: 39, iter:  12,700, lr:(8.491e-04,)] [eta: 8:03:45, time (data): 0.388 (0.004)] l_pix: -3.0868e+01 
2026-02-10 18:14:31,138 INFO: [Mixed..][epoch: 39, iter:  12,800, lr:(8.469e-04,)] [eta: 8:01:23, time (data): 0.400 (0.007)] l_pix: -3.6192e+01 
2026-02-10 18:15:10,762 INFO: [Mixed..][epoch: 39, iter:  12,900, lr:(8.446e-04,)] [eta: 7:59:03, time (data): 0.394 (0.000)] l_pix: -2.5185e+01 
2026-02-10 18:16:09,748 INFO: [Mixed..][epoch: 40, iter:  13,000, lr:(8.423e-04,)] [eta: 7:57:55, time (data): 0.390 (0.003)] l_pix: -2.7648e+01 
2026-02-10 18:16:49,230 INFO: [Mixed..][epoch: 40, iter:  13,100, lr:(8.400e-04,)] [eta: 7:55:36, time (data): 0.392 (0.000)] l_pix: -3.5604e+01 
2026-02-10 18:17:28,787 INFO: [Mixed..][epoch: 40, iter:  13,200, lr:(8.377e-04,)] [eta: 7:53:20, time (data): 0.391 (0.001)] l_pix: -3.3984e+01 
2026-02-10 18:18:26,974 INFO: [Mixed..][epoch: 41, iter:  13,300, lr:(8.354e-04,)] [eta: 7:52:11, time (data): 0.399 (0.002)] l_pix: -3.4100e+01 
2026-02-10 18:19:06,448 INFO: [Mixed..][epoch: 41, iter:  13,400, lr:(8.330e-04,)] [eta: 7:49:56, time (data): 0.403 (0.003)] l_pix: -2.9547e+01 
2026-02-10 18:19:46,048 INFO: [Mixed..][epoch: 41, iter:  13,500, lr:(8.307e-04,)] [eta: 7:47:44, time (data): 0.389 (0.002)] l_pix: -3.0290e+01 
2026-02-10 18:20:25,568 INFO: [Mixed..][epoch: 41, iter:  13,600, lr:(8.283e-04,)] [eta: 7:45:32, time (data): 0.396 (0.006)] l_pix: -3.2220e+01 
2026-02-10 18:21:24,275 INFO: [Mixed..][epoch: 42, iter:  13,700, lr:(8.260e-04,)] [eta: 7:44:27, time (data): 0.407 (0.010)] l_pix: -2.8316e+01 
2026-02-10 18:22:03,668 INFO: [Mixed..][epoch: 42, iter:  13,800, lr:(8.236e-04,)] [eta: 7:42:17, time (data): 0.390 (0.000)] l_pix: -3.3302e+01 
2026-02-10 18:22:43,103 INFO: [Mixed..][epoch: 42, iter:  13,900, lr:(8.212e-04,)] [eta: 7:40:09, time (data): 0.396 (0.000)] l_pix: -2.9686e+01 
2026-02-10 18:23:40,218 INFO: [Mixed..][epoch: 43, iter:  14,000, lr:(8.188e-04,)] [eta: 7:39:00, time (data): 0.387 (0.002)] l_pix: -3.2569e+01 
2026-02-10 18:23:40,218 INFO: Saving models and training states.
2026-02-10 18:23:40,448 WARNING: nondist_validation is not implemented. Run dist_validation.
2026-02-10 18:23:45,478 INFO: Validation MixedVal, 		 # psnr: 31.7076	 # ssim: 0.9374
2026-02-10 18:23:45,478 INFO: [Mixed..][epoch: 43, iter:  14,000, lr:(8.188e-04,)] m_psnr: 3.1708e+01 m_ssim: 9.3742e-01 
2026-02-10 18:24:24,721 INFO: [Mixed..][epoch: 43, iter:  14,100, lr:(8.163e-04,)] [eta: 7:37:10, time (data): 0.393 (0.010)] l_pix: -2.6419e+01 
2026-02-10 18:25:03,798 INFO: [Mixed..][epoch: 43, iter:  14,200, lr:(8.139e-04,)] [eta: 7:35:04, time (data): 0.390 (0.000)] l_pix: -3.3340e+01 
2026-02-10 18:26:10,925 INFO: [Mixed..][epoch: 44, iter:  14,300, lr:(8.114e-04,)] [eta: 7:34:28, time (data): 0.410 (0.008)] l_pix: -3.3416e+01 
2026-02-10 18:26:51,828 INFO: [Mixed..][epoch: 44, iter:  14,400, lr:(8.090e-04,)] [eta: 7:32:29, time (data): 0.405 (0.009)] l_pix: -3.0624e+01 
2026-02-10 18:27:32,310 INFO: [Mixed..][epoch: 44, iter:  14,500, lr:(8.065e-04,)] [eta: 7:30:29, time (data): 0.413 (0.009)] l_pix: -2.9155e+01 
2026-02-10 18:28:44,214 INFO: [Mixed..][epoch: 45, iter:  14,600, lr:(8.040e-04,)] [eta: 7:30:09, time (data): 0.396 (0.007)] l_pix: -3.1106e+01 
2026-02-10 18:29:24,618 INFO: [Mixed..][epoch: 45, iter:  14,700, lr:(8.015e-04,)] [eta: 7:28:11, time (data): 0.390 (0.000)] l_pix: -3.0975e+01 
2026-02-10 18:30:04,063 INFO: [Mixed..][epoch: 45, iter:  14,800, lr:(7.990e-04,)] [eta: 7:26:10, time (data): 0.397 (0.004)] l_pix: -3.2924e+01 
2026-02-10 18:30:43,614 INFO: [Mixed..][epoch: 45, iter:  14,900, lr:(7.965e-04,)] [eta: 7:24:12, time (data): 0.396 (0.000)] l_pix: -3.3505e+01 
2026-02-10 18:31:42,148 INFO: [Mixed..][epoch: 46, iter:  15,000, lr:(7.939e-04,)] [eta: 7:23:11, time (data): 0.400 (0.010)] l_pix: -2.8578e+01 
2026-02-10 18:32:21,388 INFO: [Mixed..][epoch: 46, iter:  15,100, lr:(7.914e-04,)] [eta: 7:21:13, time (data): 0.398 (0.009)] l_pix: -3.2485e+01 
2026-02-10 18:33:01,720 INFO: [Mixed..][epoch: 46, iter:  15,200, lr:(7.888e-04,)] [eta: 7:19:19, time (data): 0.392 (0.000)] l_pix: -2.6728e+01 
2026-02-10 18:33:58,988 INFO: [Mixed..][epoch: 47, iter:  15,300, lr:(7.863e-04,)] [eta: 7:18:15, time (data): 0.390 (0.009)] l_pix: -3.0019e+01 
2026-02-10 18:34:38,208 INFO: [Mixed..][epoch: 47, iter:  15,400, lr:(7.837e-04,)] [eta: 7:16:20, time (data): 0.390 (0.010)] l_pix: -3.2356e+01 
2026-02-10 18:35:18,938 INFO: [Mixed..][epoch: 47, iter:  15,500, lr:(7.811e-04,)] [eta: 7:14:30, time (data): 0.395 (0.005)] l_pix: -3.2554e+01 
2026-02-10 18:36:16,698 INFO: [Mixed..][epoch: 48, iter:  15,600, lr:(7.785e-04,)] [eta: 7:13:29, time (data): 0.390 (0.004)] l_pix: -3.1881e+01 
2026-02-10 18:36:55,858 INFO: [Mixed..][epoch: 48, iter:  15,700, lr:(7.759e-04,)] [eta: 7:11:35, time (data): 0.390 (0.004)] l_pix: -2.6840e+01 
2026-02-10 18:37:35,008 INFO: [Mixed..][epoch: 48, iter:  15,800, lr:(7.732e-04,)] [eta: 7:09:43, time (data): 0.388 (0.002)] l_pix: -2.8467e+01 
2026-02-10 18:38:31,878 INFO: [Mixed..][epoch: 49, iter:  15,900, lr:(7.706e-04,)] [eta: 7:08:40, time (data): 0.390 (0.000)] l_pix: -2.7712e+01 
2026-02-10 18:39:10,978 INFO: [Mixed..][epoch: 49, iter:  16,000, lr:(7.680e-04,)] [eta: 7:06:49, time (data): 0.400 (0.010)] l_pix: -3.4736e+01 
2026-02-10 18:39:10,978 INFO: Saving models and training states.
2026-02-10 18:39:11,208 WARNING: nondist_validation is not implemented. Run dist_validation.
2026-02-10 18:39:17,223 INFO: Validation MixedVal, 		 # psnr: 32.1006	 # ssim: 0.9421
2026-02-10 18:39:17,223 INFO: [Mixed..][epoch: 49, iter:  16,000, lr:(7.680e-04,)] m_psnr: 3.2101e+01 m_ssim: 9.4209e-01 
2026-02-10 18:39:59,635 INFO: [Mixed..][epoch: 49, iter:  16,100, lr:(7.653e-04,)] [eta: 7:05:25, time (data): 0.437 (0.001)] l_pix: -2.7697e+01 
2026-02-10 18:40:42,728 INFO: [Mixed..][epoch: 49, iter:  16,200, lr:(7.626e-04,)] [eta: 7:03:46, time (data): 0.410 (0.010)] l_pix: -3.2143e+01 
2026-02-10 18:41:40,758 INFO: [Mixed..][epoch: 50, iter:  16,300, lr:(7.600e-04,)] [eta: 7:02:48, time (data): 0.390 (0.008)] l_pix: -3.1680e+01 
2026-02-10 18:42:20,168 INFO: [Mixed..][epoch: 50, iter:  16,400, lr:(7.573e-04,)] [eta: 7:01:00, time (data): 0.390 (0.010)] l_pix: -3.4314e+01 
2026-02-10 18:42:59,438 INFO: [Mixed..][epoch: 50, iter:  16,500, lr:(7.546e-04,)] [eta: 6:59:13, time (data): 0.390 (0.000)] l_pix: -2.9516e+01 
2026-02-10 18:43:56,149 INFO: [Mixed..][epoch: 51, iter:  16,600, lr:(7.519e-04,)] [eta: 6:58:12, time (data): 0.400 (0.010)] l_pix: -3.1911e+01 
2026-02-10 18:44:35,245 INFO: [Mixed..][epoch: 51, iter:  16,700, lr:(7.491e-04,)] [eta: 6:56:26, time (data): 0.391 (0.002)] l_pix: -3.4071e+01 
2026-02-10 18:45:14,379 INFO: [Mixed..][epoch: 51, iter:  16,800, lr:(7.464e-04,)] [eta: 6:54:41, time (data): 0.392 (0.004)] l_pix: -3.2299e+01 
2026-02-10 18:46:10,106 INFO: [Mixed..][epoch: 52, iter:  16,900, lr:(7.437e-04,)] [eta: 6:53:38, time (data): 0.392 (0.000)] l_pix: -2.8998e+01 
2026-02-10 18:46:49,204 INFO: [Mixed..][epoch: 52, iter:  17,000, lr:(7.409e-04,)] [eta: 6:51:54, time (data): 0.391 (0.004)] l_pix: -3.0370e+01 
2026-02-10 18:47:32,252 INFO: [Mixed..][epoch: 52, iter:  17,100, lr:(7.382e-04,)] [eta: 6:50:20, time (data): 0.693 (0.010)] l_pix: -2.9480e+01 
2026-02-10 18:48:31,441 INFO: [Mixed..][epoch: 53, iter:  17,200, lr:(7.354e-04,)] [eta: 6:49:27, time (data): 0.386 (0.000)] l_pix: -2.6552e+01 
2026-02-10 18:49:10,455 INFO: [Mixed..][epoch: 53, iter:  17,300, lr:(7.326e-04,)] [eta: 6:47:45, time (data): 0.395 (0.000)] l_pix: -3.1556e+01 
2026-02-10 18:49:51,266 INFO: [Mixed..][epoch: 53, iter:  17,400, lr:(7.298e-04,)] [eta: 6:46:07, time (data): 0.397 (0.010)] l_pix: -3.4820e+01 
2026-02-10 18:50:52,438 INFO: [Mixed..][epoch: 54, iter:  17,500, lr:(7.271e-04,)] [eta: 6:45:19, time (data): 0.490 (0.010)] l_pix: -3.3154e+01 
2026-02-10 18:51:34,249 INFO: [Mixed..][epoch: 54, iter:  17,600, lr:(7.242e-04,)] [eta: 6:43:45, time (data): 0.400 (0.000)] l_pix: -3.4189e+01 
2026-02-10 18:52:17,692 INFO: [Mixed..][epoch: 54, iter:  17,700, lr:(7.214e-04,)] [eta: 6:42:15, time (data): 0.444 (0.000)] l_pix: -3.0743e+01 
2026-02-10 18:52:58,088 INFO: [Mixed..][epoch: 54, iter:  17,800, lr:(7.186e-04,)] [eta: 6:40:39, time (data): 0.401 (0.008)] l_pix: -3.2240e+01 
2026-02-10 18:53:53,873 INFO: [Mixed..][epoch: 55, iter:  17,900, lr:(7.158e-04,)] [eta: 6:39:39, time (data): 0.386 (0.003)] l_pix: -3.1147e+01 
2026-02-10 18:54:32,890 INFO: [Mixed..][epoch: 55, iter:  18,000, lr:(7.129e-04,)] [eta: 6:38:00, time (data): 0.384 (0.000)] l_pix: -2.9871e+01 
2026-02-10 18:54:32,890 INFO: Saving models and training states.
2026-02-10 18:54:33,106 WARNING: nondist_validation is not implemented. Run dist_validation.
2026-02-10 18:54:37,759 INFO: Validation MixedVal, 		 # psnr: 31.6266	 # ssim: 0.9367
2026-02-10 18:54:37,759 INFO: [Mixed..][epoch: 55, iter:  18,000, lr:(7.129e-04,)] m_psnr: 3.1627e+01 m_ssim: 9.3668e-01 
2026-02-10 18:55:28,664 INFO: [Mixed..][epoch: 55, iter:  18,100, lr:(7.101e-04,)] [eta: 6:37:01, time (data): 0.516 (0.009)] l_pix: -2.9656e+01 
2026-02-10 18:56:49,323 INFO: [Mixed..][epoch: 56, iter:  18,200, lr:(7.072e-04,)] [eta: 6:36:58, time (data): 0.511 (0.007)] l_pix: -2.8550e+01 
2026-02-10 18:57:40,198 INFO: [Mixed..][epoch: 56, iter:  18,300, lr:(7.044e-04,)] [eta: 6:35:48, time (data): 0.514 (0.012)] l_pix: -2.7998e+01 
2026-02-10 18:58:30,268 INFO: [Mixed..][epoch: 56, iter:  18,400, lr:(7.015e-04,)] [eta: 6:34:35, time (data): 0.500 (0.000)] l_pix: -2.7147e+01 
2026-02-10 18:59:36,097 INFO: [Mixed..][epoch: 57, iter:  18,500, lr:(6.986e-04,)] [eta: 6:33:58, time (data): 0.497 (0.000)] l_pix: -2.9554e+01 
2026-02-10 19:00:25,944 INFO: [Mixed..][epoch: 57, iter:  18,600, lr:(6.957e-04,)] [eta: 6:32:45, time (data): 0.511 (0.006)] l_pix: -3.4154e+01 
2026-02-10 19:01:20,843 INFO: [Mixed..][epoch: 57, iter:  18,700, lr:(6.929e-04,)] [eta: 6:31:44, time (data): 0.712 (0.000)] l_pix: -3.2652e+01 
2026-02-10 19:02:48,768 INFO: [Mixed..][epoch: 58, iter:  18,800, lr:(6.899e-04,)] [eta: 6:31:55, time (data): 0.851 (0.000)] l_pix: -2.9135e+01 
2026-02-10 19:03:50,299 INFO: [Mixed..][epoch: 58, iter:  18,900, lr:(6.870e-04,)] [eta: 6:31:08, time (data): 0.613 (0.000)] l_pix: -3.1036e+01 
2026-02-10 19:04:53,063 INFO: [Mixed..][epoch: 58, iter:  19,000, lr:(6.841e-04,)] [eta: 6:30:23, time (data): 0.613 (0.000)] l_pix: -3.1885e+01 
2026-02-10 19:05:53,851 INFO: [Mixed..][epoch: 58, iter:  19,100, lr:(6.812e-04,)] [eta: 6:29:33, time (data): 0.598 (0.000)] l_pix: -3.1797e+01 
2026-02-10 19:07:19,978 INFO: [Mixed..][epoch: 59, iter:  19,200, lr:(6.783e-04,)] [eta: 6:29:38, time (data): 0.598 (0.000)] l_pix: -2.9725e+01 
2026-02-10 19:08:22,932 INFO: [Mixed..][epoch: 59, iter:  19,300, lr:(6.753e-04,)] [eta: 6:28:52, time (data): 0.654 (0.000)] l_pix: -3.3226e+01 
2026-02-10 19:09:26,938 INFO: [Mixed..][epoch: 59, iter:  19,400, lr:(6.724e-04,)] [eta: 6:28:09, time (data): 0.610 (0.008)] l_pix: -3.0798e+01 
2026-02-10 19:10:59,880 INFO: [Mixed..][epoch: 60, iter:  19,500, lr:(6.694e-04,)] [eta: 6:28:26, time (data): 0.602 (0.012)] l_pix: -3.5884e+01 
2026-02-10 19:12:01,378 INFO: [Mixed..][epoch: 60, iter:  19,600, lr:(6.665e-04,)] [eta: 6:27:36, time (data): 0.609 (0.000)] l_pix: -3.0905e+01 
2026-02-10 19:13:04,388 INFO: [Mixed..][epoch: 60, iter:  19,700, lr:(6.635e-04,)] [eta: 6:26:50, time (data): 0.610 (0.000)] l_pix: -2.6545e+01 
2026-02-10 19:14:28,400 INFO: [Mixed..][epoch: 61, iter:  19,800, lr:(6.605e-04,)] [eta: 6:26:46, time (data): 0.612 (0.001)] l_pix: -2.7550e+01 
2026-02-10 19:15:30,429 INFO: [Mixed..][epoch: 61, iter:  19,900, lr:(6.576e-04,)] [eta: 6:25:57, time (data): 0.631 (0.011)] l_pix: -3.5772e+01 
2026-02-10 19:16:32,758 INFO: [Mixed..][epoch: 61, iter:  20,000, lr:(6.546e-04,)] [eta: 6:25:08, time (data): 0.616 (0.006)] l_pix: -3.2602e+01 
2026-02-10 19:16:32,765 INFO: Saving models and training states.
2026-02-10 19:16:33,208 WARNING: nondist_validation is not implemented. Run dist_validation.
2026-02-10 19:16:41,257 INFO: Validation MixedVal, 		 # psnr: 32.1699	 # ssim: 0.9441
2026-02-10 19:16:41,258 INFO: [Mixed..][epoch: 61, iter:  20,000, lr:(6.546e-04,)] m_psnr: 3.2170e+01 m_ssim: 9.4406e-01 
2026-02-10 19:17:46,503 INFO: [Mixed..][epoch: 62, iter:  20,100, lr:(6.516e-04,)] [eta: 6:24:42, time (data): 0.536 (0.005)] l_pix: -3.3341e+01 
2026-02-10 19:18:30,446 INFO: [Mixed..][epoch: 62, iter:  20,200, lr:(6.486e-04,)] [eta: 6:23:17, time (data): 0.410 (0.008)] l_pix: -3.4569e+01 
2026-02-10 19:19:12,625 INFO: [Mixed..][epoch: 62, iter:  20,300, lr:(6.456e-04,)] [eta: 6:21:48, time (data): 0.403 (0.003)] l_pix: -3.0976e+01 
2026-02-10 19:19:59,020 INFO: [Mixed..][epoch: 62, iter:  20,400, lr:(6.426e-04,)] [eta: 6:20:29, time (data): 0.459 (0.005)] l_pix: -3.4689e+01 
2026-02-10 19:21:14,208 INFO: [Mixed..][epoch: 63, iter:  20,500, lr:(6.396e-04,)] [eta: 6:20:05, time (data): 0.425 (0.000)] l_pix: -2.9844e+01 
2026-02-10 19:21:54,607 INFO: [Mixed..][epoch: 63, iter:  20,600, lr:(6.365e-04,)] [eta: 6:18:34, time (data): 0.393 (0.004)] l_pix: -3.1231e+01 
2026-02-10 19:22:36,416 INFO: [Mixed..][epoch: 63, iter:  20,700, lr:(6.335e-04,)] [eta: 6:17:06, time (data): 0.496 (0.009)] l_pix: -3.5791e+01 
2026-02-10 19:23:44,124 INFO: [Mixed..][epoch: 64, iter:  20,800, lr:(6.305e-04,)] [eta: 6:16:28, time (data): 0.396 (0.000)] l_pix: -3.0974e+01 
2026-02-10 19:24:25,441 INFO: [Mixed..][epoch: 64, iter:  20,900, lr:(6.275e-04,)] [eta: 6:15:00, time (data): 0.413 (0.010)] l_pix: -3.4607e+01 
2026-02-10 19:25:05,129 INFO: [Mixed..][epoch: 64, iter:  21,000, lr:(6.244e-04,)] [eta: 6:13:29, time (data): 0.391 (0.002)] l_pix: -3.1569e+01 
2026-02-10 19:26:21,160 INFO: [Mixed..][epoch: 65, iter:  21,100, lr:(6.214e-04,)] [eta: 6:13:06, time (data): 0.400 (0.009)] l_pix: -3.0662e+01 
2026-02-10 19:27:05,228 INFO: [Mixed..][epoch: 65, iter:  21,200, lr:(6.183e-04,)] [eta: 6:11:44, time (data): 0.405 (0.006)] l_pix: -3.2817e+01 
2026-02-10 19:27:45,449 INFO: [Mixed..][epoch: 65, iter:  21,300, lr:(6.153e-04,)] [eta: 6:10:15, time (data): 0.391 (0.000)] l_pix: -3.2557e+01 
2026-02-10 19:28:47,905 INFO: [Mixed..][epoch: 66, iter:  21,400, lr:(6.122e-04,)] [eta: 6:09:26, time (data): 0.393 (0.005)] l_pix: -2.7783e+01 
2026-02-10 19:29:32,754 INFO: [Mixed..][epoch: 66, iter:  21,500, lr:(6.091e-04,)] [eta: 6:08:06, time (data): 0.433 (0.007)] l_pix: -3.4990e+01 
2026-02-10 19:30:15,222 INFO: [Mixed..][epoch: 66, iter:  21,600, lr:(6.061e-04,)] [eta: 6:06:43, time (data): 0.523 (0.008)] l_pix: -3.6126e+01 
2026-02-10 19:30:56,549 INFO: [Mixed..][epoch: 66, iter:  21,700, lr:(6.030e-04,)] [eta: 6:05:17, time (data): 0.408 (0.008)] l_pix: -2.7448e+01 
2026-02-10 19:32:05,060 INFO: [Mixed..][epoch: 67, iter:  21,800, lr:(5.999e-04,)] [eta: 6:04:40, time (data): 0.389 (0.000)] l_pix: -2.9156e+01 
2026-02-10 19:32:45,348 INFO: [Mixed..][epoch: 67, iter:  21,900, lr:(5.968e-04,)] [eta: 6:03:13, time (data): 0.575 (0.007)] l_pix: -3.3358e+01 
2026-02-10 19:33:29,941 INFO: [Mixed..][epoch: 67, iter:  22,000, lr:(5.938e-04,)] [eta: 6:01:54, time (data): 0.396 (0.004)] l_pix: -2.9968e+01 
2026-02-10 19:33:29,941 INFO: Saving models and training states.
2026-02-10 19:33:30,153 WARNING: nondist_validation is not implemented. Run dist_validation.
2026-02-10 19:33:35,503 INFO: Validation MixedVal, 		 # psnr: 32.7746	 # ssim: 0.9492
2026-02-10 19:33:35,503 INFO: [Mixed..][epoch: 67, iter:  22,000, lr:(5.938e-04,)] m_psnr: 3.2775e+01 m_ssim: 9.4919e-01 
2026-02-10 19:35:40,460 INFO: [Mixed..][epoch: 68, iter:  22,100, lr:(5.907e-04,)] [eta: 6:03:03, time (data): 1.262 (0.009)] l_pix: -3.1515e+01 
2026-02-10 19:37:37,200 INFO: [Mixed..][epoch: 68, iter:  22,200, lr:(5.876e-04,)] [eta: 6:03:46, time (data): 1.160 (0.020)] l_pix: -3.4447e+01 
2026-02-10 19:39:45,034 INFO: [Mixed..][epoch: 68, iter:  22,300, lr:(5.845e-04,)] [eta: 6:04:47, time (data): 1.545 (0.004)] l_pix: -3.3735e+01 
2026-02-10 19:43:01,728 INFO: [Mixed..][epoch: 69, iter:  22,400, lr:(5.814e-04,)] [eta: 6:07:41, time (data): 1.635 (0.005)] l_pix: -3.0472e+01 
2026-02-10 19:45:41,028 INFO: [Mixed..][epoch: 69, iter:  22,500, lr:(5.783e-04,)] [eta: 6:09:30, time (data): 1.603 (0.007)] l_pix: -3.4198e+01 
2026-02-10 19:48:19,298 INFO: [Mixed..][epoch: 69, iter:  22,600, lr:(5.752e-04,)] [eta: 6:11:15, time (data): 1.569 (0.009)] l_pix: -3.2707e+01 
